<?xml version="1.0" encoding="UTF-8"?>
<!-- Generated by org.testng.reporters.JUnitReportReporter -->
<testsuite skipped="0" hostname="DESKTOP-59LKKJ5" name="com.talenTech.disney.DisneyLogin" tests="1" failures="0" timestamp="08 Jun 2018 03:20:50 GMT" time="28.891" errors="0">
  <testcase name="test1" time="28.891" classname="com.talenTech.disney.DisneyLogin"/>
</testsuite> <!-- com.talenTech.disney.DisneyLogin -->
